<?xml version="1.0" encoding="UTF-8"?>
<!-- Generated by org.testng.reporters.JUnitReportReporter -->
<testsuite hostname="LAPTOP-OK4VM9OQ" failures="0" tests="1" name="maven.LargestUsingIfelse" time="0.006" errors="0" timestamp="2020-11-18T20:28:09 CST" skipped="0">
  <testcase classname="maven.LargestUsingIfelse" name="LargestUsingIfelse" time="0.006"/>
  <system-out/>
</testsuite> <!-- maven.LargestUsingIfelse -->
