<?xml version="1.0" encoding="UTF-8"?>
<!-- Generated by org.testng.reporters.JUnitReportReporter -->
<testsuite hostname="LAPTOP-OK4VM9OQ" failures="0" tests="1" name="maven.SumusingWhileloop" time="0.006" errors="0" timestamp="2020-11-18T20:16:06 CST" skipped="0">
  <testcase classname="maven.SumusingWhileloop" name="SumusingWhileloop" time="0.006"/>
  <system-out/>
</testsuite> <!-- maven.SumusingWhileloop -->
