<?xml version="1.0" encoding="UTF-8"?>
<!-- Generated by org.testng.reporters.JUnitReportReporter -->
<testsuite hostname="LAPTOP-OK4VM9OQ" failures="0" tests="1" name="maven.SumUSingScanner" time="10.915" errors="0" timestamp="2020-11-19T20:56:56 CST" skipped="0">
  <testcase classname="maven.SumUSingScanner" name="SumUSingScanner" time="10.915"/>
  <system-out/>
</testsuite> <!-- maven.SumUSingScanner -->
