<?xml version="1.0" encoding="UTF-8"?>
<!-- Generated by org.testng.reporters.JUnitReportReporter -->
<testsuite hostname="LAPTOP-OK4VM9OQ" failures="0" tests="1" name="maven.Reversednumber" time="0.007" errors="0" timestamp="2020-11-18T20:02:04 CST" skipped="0">
  <testcase classname="maven.Reversednumber" name="reversed" time="0.007"/>
  <system-out/>
</testsuite> <!-- maven.Reversednumber -->
