<?xml version="1.0" encoding="UTF-8"?>
<!-- Generated by org.testng.reporters.JUnitReportReporter -->
<testsuite hostname="LAPTOP-OK4VM9OQ" failures="0" tests="3" name="maven.Selenium2" time="0.018" errors="0" timestamp="2020-11-12T22:30:11 CST" skipped="0">
  <testcase classname="maven.Selenium2" name="test1" time="0.015"/>
  <system-out/>
  <testcase classname="maven.Selenium2" name="test3" time="0.002"/>
  <system-out/>
  <testcase classname="maven.Selenium2" name="test2" time="0.001"/>
  <system-out/>
</testsuite> <!-- maven.Selenium2 -->
