<?xml version="1.0" encoding="UTF-8"?>
<!-- Generated by org.testng.reporters.JUnitReportReporter -->
<testsuite hostname="LAPTOP-OK4VM9OQ" failures="0" tests="1" name="maven.Fibonocci" time="0.013" errors="0" timestamp="2020-11-15T08:21:50 CST" skipped="0">
  <testcase classname="maven.Fibonocci" name="fibonocci" time="0.013"/>
  <system-out/>
</testsuite> <!-- maven.Fibonocci -->
